<?xml version="1.0" encoding="UTF-8"?>
<testsuite name="FormatadorTest" tests="1" skipped="0" failures="0" errors="0" timestamp="2022-06-14T00:12:58" hostname="DB-MacBook-Pro.local" time="0.04">
  <properties/>
  <testcase name="deveFormatarNome()" classname="FormatadorTest" time="0.04"/>
  <system-out><![CDATA[]]></system-out>
  <system-err><![CDATA[]]></system-err>
</testsuite>
